{
  "error_cause": "json: cannot unmarshal string into Go struct field Stock.quantity of type int",
  "error_stack": [
    "github.com/muhammadsarimin/indocyber-api/handlers.(*stockHandler).UpdateStock",
    "/Users/muhammadsarimin/Developer/Code/project/indocyber-api/handlers/stock.handler.go:107"
  ],
  "level": "error",
  "msg": "UpdateStock",
  "time": "2024-10-17T02:21:18+07:00"
}
{
  "level": "info",
  "msg": "[ response ]",
  "response": {
    "response_code": "001",
    "response_message": "invalid field format quantity"
  },
  "time": "2024-10-17T02:21:18+07:00"
}
{
  "error_cause": "invalid field mandatory seri",
  "error_stack": [
    "github.com/muhammadsarimin/indocyber-api/handlers.(*stockHandler).CreateStock",
    "/Users/muhammadsarimin/Developer/Code/project/indocyber-api/handlers/stock.handler.go:71"
  ],
  "level": "error",
  "msg": "CreateStock",
  "time": "2024-10-17T02:22:29+07:00"
}
{
  "level": "info",
  "msg": "[ response ]",
  "response": {
    "response_code": "002",
    "response_message": "invalid field mandatory seri"
  },
  "time": "2024-10-17T02:22:29+07:00"
}
